<?xml version="1.0" encoding="UTF-8"?>
<!-- Generated by org.testng.reporters.JUnitReportReporter -->
<testsuite hostname="ITINMUC-DW0019" failures="0" tests="1" name="RestassuredTest.Demo5_Basic_validation" time="2.793" errors="0" timestamp="2022-10-28T08:06:52 CEST" skipped="0">
  <testcase classname="RestassuredTest.Demo5_Basic_validation" name="testStatusCode" time="2.793"/>
  <system-out/>
</testsuite> <!-- RestassuredTest.Demo5_Basic_validation -->
